Build started 2018/8/6 15:24:03.
     1>Project "E:\VS2013\Projects2013\OpenGL0801\OpenGL0801\OpenGL0801.vcxproj" on node 2 (Build target(s)).
     1>Link:
         E:\VS2013\VC\bin\link.exe /ERRORREPORT:PROMPT /OUT:"E:\VS2013\Projects2013\OpenGL0801\Debug\OpenGL0801.exe" /INCREMENTAL /NOLOGO opengl32.lib glfw3.lib glfw3dll.lib kernel32.lib user32.lib gdi32.lib winspool.lib comdlg32.lib advapi32.lib shell32.lib ole32.lib oleaut32.lib uuid.lib odbc32.lib odbccp32.lib /MANIFEST /MANIFESTUAC:"level='asInvoker' uiAccess='false'" /manifest:embed /DEBUG /PDB:"E:\VS2013\Projects2013\OpenGL0801\Debug\OpenGL0801.pdb" /TLBID:1 /DYNAMICBASE /NXCOMPAT /IMPLIB:"E:\VS2013\Projects2013\OpenGL0801\Debug\OpenGL0801.lib" /MACHINE:X86 Debug\glad.obj
         Debug\main.obj
     1>main.obj : error LNK2019: unresolved external symbol _glfwInit referenced in function _main
     1>main.obj : error LNK2019: unresolved external symbol _glfwTerminate referenced in function _main
     1>main.obj : error LNK2019: unresolved external symbol _glfwWindowHint referenced in function _main
     1>main.obj : error LNK2019: unresolved external symbol _glfwCreateWindow referenced in function _main
     1>main.obj : error LNK2019: unresolved external symbol _glfwWindowShouldClose referenced in function _main
     1>main.obj : error LNK2019: unresolved external symbol _glfwSetWindowShouldClose referenced in function "void __cdecl processInput(struct GLFWwindow *)" (?processInput@@YAXPAUGLFWwindow@@@Z)
     1>main.obj : error LNK2019: unresolved external symbol _glfwSetFramebufferSizeCallback referenced in function _main
     1>main.obj : error LNK2019: unresolved external symbol _glfwPollEvents referenced in function _main
     1>main.obj : error LNK2019: unresolved external symbol _glfwGetKey referenced in function "void __cdecl processInput(struct GLFWwindow *)" (?processInput@@YAXPAUGLFWwindow@@@Z)
     1>main.obj : error LNK2019: unresolved external symbol _glfwMakeContextCurrent referenced in function _main
     1>main.obj : error LNK2019: unresolved external symbol _glfwSwapBuffers referenced in function _main
     1>main.obj : error LNK2019: unresolved external symbol _glfwGetProcAddress referenced in function _main
     1>E:\VS2013\Projects2013\OpenGL0801\Debug\OpenGL0801.exe : fatal error LNK1120: 12 unresolved externals
     1>Done Building Project "E:\VS2013\Projects2013\OpenGL0801\OpenGL0801\OpenGL0801.vcxproj" (Build target(s)) -- FAILED.

Build FAILED.

Time Elapsed 00:00:00.08
