e:\vs2013\projects2013\opengl0801\opengl0801\x64\debug\vc120.pdb
e:\vs2013\projects2013\opengl0801\opengl0801\x64\debug\vc120.idb
e:\vs2013\projects2013\opengl0801\opengl0801\x64\debug\glad.obj
e:\vs2013\projects2013\opengl0801\opengl0801\x64\debug\main.obj
e:\vs2013\projects2013\opengl0801\x64\debug\opengl0801.pdb
e:\vs2013\projects2013\opengl0801\opengl0801\x64\debug\opengl0801.tlog\cl.command.1.tlog
e:\vs2013\projects2013\opengl0801\opengl0801\x64\debug\opengl0801.tlog\cl.read.1.tlog
e:\vs2013\projects2013\opengl0801\opengl0801\x64\debug\opengl0801.tlog\cl.write.1.tlog
e:\vs2013\projects2013\opengl0801\opengl0801\x64\debug\opengl0801.tlog\link-cvtres.read.1.tlog
e:\vs2013\projects2013\opengl0801\opengl0801\x64\debug\opengl0801.tlog\link-cvtres.write.1.tlog
e:\vs2013\projects2013\opengl0801\opengl0801\x64\debug\opengl0801.tlog\link-rc.read.1.tlog
e:\vs2013\projects2013\opengl0801\opengl0801\x64\debug\opengl0801.tlog\link-rc.write.1.tlog
e:\vs2013\projects2013\opengl0801\opengl0801\x64\debug\opengl0801.tlog\link.6912-cvtres.read.1.tlog
e:\vs2013\projects2013\opengl0801\opengl0801\x64\debug\opengl0801.tlog\link.6912-cvtres.write.1.tlog
e:\vs2013\projects2013\opengl0801\opengl0801\x64\debug\opengl0801.tlog\link.6912-rc.read.1.tlog
e:\vs2013\projects2013\opengl0801\opengl0801\x64\debug\opengl0801.tlog\link.6912-rc.write.1.tlog
e:\vs2013\projects2013\opengl0801\opengl0801\x64\debug\opengl0801.tlog\link.6912.read.1.tlog
e:\vs2013\projects2013\opengl0801\opengl0801\x64\debug\opengl0801.tlog\link.6912.write.1.tlog
e:\vs2013\projects2013\opengl0801\opengl0801\x64\debug\opengl0801.tlog\link.command.1.tlog
e:\vs2013\projects2013\opengl0801\opengl0801\x64\debug\opengl0801.tlog\link.read.1.tlog
e:\vs2013\projects2013\opengl0801\opengl0801\x64\debug\opengl0801.tlog\link.write.1.tlog
