Build started 2018/8/17 15:46:55.
     1>Project "E:\VS2013\Projects2013\OpenGL0801\OpenGL0801\OpenGL0801.vcxproj" on node 2 (Build target(s)).
     1>ClCompile:
         E:\VS2013\VC\bin\x86_amd64\CL.exe /c /Zi /nologo /W3 /WX- /sdl /Od /D _MBCS /Gm /EHsc /RTC1 /MDd /GS /fp:precise /Zc:wchar_t /Zc:forScope /Fo"x64\Debug\\" /Fd"x64\Debug\vc120.pdb" /Gd /TP /errorReport:prompt main.cpp
         main.cpp
     1>E:\OpenGL2018\OpenGL2018\OpenGLconfig\include\learnopengl/shader_m.h(64): warning C4101: 'success' : unreferenced local variable
     1>E:\OpenGL2018\OpenGL2018\OpenGLconfig\include\learnopengl/shader_m.h(65): warning C4101: 'infoLog' : unreferenced local variable
     1>main.cpp(159): warning C4244: 'initializing' : conversion from 'double' to 'float', possible loss of data
     1>main.cpp(256): warning C4244: '=' : conversion from 'double' to 'float', possible loss of data
     1>main.cpp(257): warning C4244: '=' : conversion from 'double' to 'float', possible loss of data
     1>main.cpp(261): warning C4244: 'initializing' : conversion from 'double' to 'float', possible loss of data
     1>main.cpp(262): warning C4244: 'initializing' : conversion from 'double' to 'float', possible loss of data
     1>main.cpp(264): warning C4244: '=' : conversion from 'double' to 'float', possible loss of data
     1>main.cpp(265): warning C4244: '=' : conversion from 'double' to 'float', possible loss of data
     1>main.cpp(274): warning C4244: 'argument' : conversion from 'double' to 'float', possible loss of data
       Link:
         E:\VS2013\VC\bin\x86_amd64\link.exe /ERRORREPORT:PROMPT /OUT:"E:\VS2013\Projects2013\OpenGL0801\x64\Debug\OpenGL0801.exe" /INCREMENTAL /NOLOGO opengl32.lib glfw3.lib kernel32.lib user32.lib gdi32.lib winspool.lib comdlg32.lib advapi32.lib shell32.lib ole32.lib oleaut32.lib uuid.lib odbc32.lib odbccp32.lib /MANIFEST /MANIFESTUAC:"level='asInvoker' uiAccess='false'" /manifest:embed /DEBUG /PDB:"E:\VS2013\Projects2013\OpenGL0801\x64\Debug\OpenGL0801.pdb" /TLBID:1 /DYNAMICBASE /NXCOMPAT /IMPLIB:"E:\VS2013\Projects2013\OpenGL0801\x64\Debug\OpenGL0801.lib" /MACHINE:X64 x64\Debug\glad.obj
         x64\Debug\main.obj
         OpenGL0801.vcxproj -> E:\VS2013\Projects2013\OpenGL0801\x64\Debug\OpenGL0801.exe
     1>Done Building Project "E:\VS2013\Projects2013\OpenGL0801\OpenGL0801\OpenGL0801.vcxproj" (Build target(s)).

Build succeeded.

Time Elapsed 00:00:01.09
